<?xml version="1.0" encoding="UTF-8" ?>
<testsuite tests="8" failures="0" name="test.java.ScriptBuilderTest" time="0.024" errors="0" skipped="0">
  <properties>
    <property name="java.runtime.name" value="Java(TM) SE Runtime Environment"/>
    <property name="sun.boot.library.path" value="C:\java8\jre\bin"/>
    <property name="java.vm.version" value="25.121-b13"/>
    <property name="java.vm.vendor" value="Oracle Corporation"/>
    <property name="maven.multiModuleProjectDirectory" value="D:\workspace\eight\haste"/>
    <property name="java.vendor.url" value="http://java.oracle.com/"/>
    <property name="path.separator" value=";"/>
    <property name="guice.disable.misplaced.annotation.check" value="true"/>
    <property name="java.vm.name" value="Java HotSpot(TM) Client VM"/>
    <property name="file.encoding.pkg" value="sun.io"/>
    <property name="user.script" value=""/>
    <property name="user.country" value="US"/>
    <property name="sun.java.launcher" value="SUN_STANDARD"/>
    <property name="sun.os.patch.level" value="Service Pack 1"/>
    <property name="java.vm.specification.name" value="Java Virtual Machine Specification"/>
    <property name="user.dir" value="D:\workspace\eight\haste"/>
    <property name="java.runtime.version" value="1.8.0_121-b13"/>
    <property name="java.awt.graphicsenv" value="sun.awt.Win32GraphicsEnvironment"/>
    <property name="java.endorsed.dirs" value="C:\java8\jre\lib\endorsed"/>
    <property name="os.arch" value="x86"/>
    <property name="java.io.tmpdir" value="C:\Users\pbhawan\AppData\Local\Temp\"/>
    <property name="line.separator" value="
"/>
    <property name="java.vm.specification.vendor" value="Oracle Corporation"/>
    <property name="user.variant" value=""/>
    <property name="os.name" value="Windows 7"/>
    <property name="classworlds.conf" value="D:\workspace\eight\.metadata\.plugins\org.eclipse.m2e.launching\launches\m2conf5368006781811590797.tmp"/>
    <property name="sun.jnu.encoding" value="Cp1252"/>
    <property name="java.library.path" value="C:\java8\bin;C:\windows\Sun\Java\bin;C:\windows\system32;C:\windows;C:\ProgramData\Oracle\Java\javapath;C:\app\pbhawan\product\11.2.0\client_1;C:\Java\jdk1.7.0_79\bin;C:\windows\system32;C:\windows;C:\windows\System32\Wbem;C:\windows\System32\WindowsPowerShell\v1.0\;C:\Program Files\TortoiseSVN\bin;C:\Program Files (x86)\Sennheiser\SoftphoneSDK\;C:\Middleware\Oracle_WT1\bin;C:\Middleware\Oracle_WT1\opmn\bin;C:\Middleware\Oracle_WT1\opmn\lib;C:\Middleware\Oracle_WT1\perl\bin;C:\windows\System32\WindowsPowerShell\v1.0\;C:\Users\pbhawan\AppData\Local\Programs\Python\Python36\Scripts\;C:\Users\pbhawan\AppData\Local\Programs\Python\Python36\;C:\Users\pbhawan\AppData\Local\Programs\Python\Launcher\;C:\Ruby23-x64\bin;C:\Users\pbhawan\AppData\Local\atom\bin;D:\Softwares\apache-maven-3.3.9-bin\apache-maven-3.3.9\bin;D:\Softwares\node-v6.10.3-win-x64;."/>
    <property name="java.specification.name" value="Java Platform API Specification"/>
    <property name="java.class.version" value="52.0"/>
    <property name="sun.management.compiler" value="HotSpot Client Compiler"/>
    <property name="os.version" value="6.1"/>
    <property name="user.home" value="C:\Users\pbhawan"/>
    <property name="user.timezone" value="Australia/Sydney"/>
    <property name="java.awt.printerjob" value="sun.awt.windows.WPrinterJob"/>
    <property name="java.specification.version" value="1.8"/>
    <property name="file.encoding" value="Cp1252"/>
    <property name="user.name" value="pbhawan"/>
    <property name="java.class.path" value="/D:/Softwares/eclipse_mars/plugins/org.eclipse.m2e.maven.runtime_1.6.0.20150526-2031/jars/plexus-classworlds-2.5.2.jar"/>
    <property name="java.vm.specification.version" value="1.8"/>
    <property name="sun.arch.data.model" value="32"/>
    <property name="java.home" value="C:\java8\jre"/>
    <property name="sun.java.command" value="org.codehaus.plexus.classworlds.launcher.Launcher -B clean package"/>
    <property name="java.specification.vendor" value="Oracle Corporation"/>
    <property name="user.language" value="en"/>
    <property name="awt.toolkit" value="sun.awt.windows.WToolkit"/>
    <property name="java.vm.info" value="mixed mode"/>
    <property name="java.version" value="1.8.0_121"/>
    <property name="java.ext.dirs" value="C:\java8\jre\lib\ext;C:\windows\Sun\Java\lib\ext"/>
    <property name="sun.boot.class.path" value="C:\java8\jre\lib\resources.jar;C:\java8\jre\lib\rt.jar;C:\java8\jre\lib\sunrsasign.jar;C:\java8\jre\lib\jsse.jar;C:\java8\jre\lib\jce.jar;C:\java8\jre\lib\charsets.jar;C:\java8\jre\lib\jfr.jar;C:\java8\jre\classes"/>
    <property name="java.vendor" value="Oracle Corporation"/>
    <property name="maven.home" value="D:\workspace\eight\haste\EMBEDDED"/>
    <property name="file.separator" value="\"/>
    <property name="java.vendor.url.bug" value="http://bugreport.sun.com/bugreport/"/>
    <property name="sun.cpu.endian" value="little"/>
    <property name="sun.io.unicode.encoding" value="UnicodeLittle"/>
    <property name="sun.desktop" value="windows"/>
    <property name="sun.cpu.isalist" value="pentium_pro+mmx pentium_pro pentium+mmx pentium i486 i386 i86"/>
  </properties>
  <testcase classname="test.java.ScriptBuilderTest" name="testCleanInputString" time="0.024"/>
  <testcase classname="test.java.ScriptBuilderTest" name="testCleanInputString1" time="0"/>
  <testcase classname="test.java.ScriptBuilderTest" name="testCleanInputString2" time="0"/>
  <testcase classname="test.java.ScriptBuilderTest" name="testCleanInputString3" time="0"/>
  <testcase classname="test.java.ScriptBuilderTest" name="testCleanInputString4" time="0"/>
  <testcase classname="test.java.ScriptBuilderTest" name="testCleanInputString5" time="0"/>
  <testcase classname="test.java.ScriptBuilderTest" name="testCleanInputString6" time="0"/>
  <testcase classname="test.java.ScriptBuilderTest" name="testCleanInputString7" time="0"/>
</testsuite>